INFO:2021-09-21 08:23:09,655 Watching for file changes with StatReloader
INFO:2021-09-21 08:23:57,982 D:\fortuneshelf\server\book\views.py changed, reloading.
DEBUG:2021-09-21 08:23:57,983 Using proactor: IocpProactor
INFO:2021-09-21 08:23:59,459 Watching for file changes with StatReloader
INFO:2021-09-21 08:24:28,453 D:\fortuneshelf\server\book\views.py changed, reloading.
DEBUG:2021-09-21 08:24:28,454 Using proactor: IocpProactor
INFO:2021-09-21 08:24:30,010 Watching for file changes with StatReloader
INFO:2021-09-21 08:25:12,893 D:\fortuneshelf\server\book\views.py changed, reloading.
DEBUG:2021-09-21 08:25:12,894 Using proactor: IocpProactor
INFO:2021-09-21 08:25:14,511 Watching for file changes with StatReloader
INFO:2021-09-21 08:25:40,733 D:\fortuneshelf\server\book\views.py changed, reloading.
DEBUG:2021-09-21 08:25:40,734 Using proactor: IocpProactor
INFO:2021-09-21 08:25:41,964 Watching for file changes with StatReloader
INFO:2021-09-21 08:30:12,394 D:\fortuneshelf\server\book\views.py changed, reloading.
DEBUG:2021-09-21 08:30:12,464 Using proactor: IocpProactor
INFO:2021-09-21 08:30:14,574 Watching for file changes with StatReloader
INFO:2021-09-21 08:30:46,082 D:\fortuneshelf\server\book\views.py changed, reloading.
DEBUG:2021-09-21 08:30:46,083 Using proactor: IocpProactor
INFO:2021-09-21 08:30:48,621 Watching for file changes with StatReloader
INFO:2021-09-21 08:34:11,649 D:\fortuneshelf\server\home\views.py changed, reloading.
DEBUG:2021-09-21 08:34:11,725 Using proactor: IocpProactor
INFO:2021-09-21 08:34:14,390 Watching for file changes with StatReloader
INFO:2021-09-21 08:35:28,347 D:\fortuneshelf\server\book\views.py changed, reloading.
DEBUG:2021-09-21 08:35:28,348 Using proactor: IocpProactor
INFO:2021-09-21 08:35:29,604 Watching for file changes with StatReloader
INFO:2021-09-21 08:35:55,137 D:\fortuneshelf\server\book\urls.py changed, reloading.
DEBUG:2021-09-21 08:35:55,138 Using proactor: IocpProactor
INFO:2021-09-21 08:35:56,434 Watching for file changes with StatReloader
INFO:2021-09-21 08:36:02,560 D:\fortuneshelf\server\book\urls.py changed, reloading.
DEBUG:2021-09-21 08:36:02,561 Using proactor: IocpProactor
INFO:2021-09-21 08:36:04,378 Watching for file changes with StatReloader
INFO:2021-09-21 08:46:18,269 D:\fortuneshelf\server\book\urls.py changed, reloading.
DEBUG:2021-09-21 08:46:18,437 Using proactor: IocpProactor
INFO:2021-09-21 08:46:20,797 Watching for file changes with StatReloader
WARNING:2021-09-21 08:47:23,980 Not Found: /languages
WARNING:2021-09-21 08:47:58,946 Not Found: /languages
WARNING:2021-09-21 08:47:59,821 Not Found: /media/Bhagavad Gita As It Is (Regular) (Bengali) (Full Box 24 Pcs).jpg
WARNING:2021-09-21 08:47:59,829 Not Found: /media/The Philosophical Series (Set of 8 Books) (English).jpg
WARNING:2021-09-21 08:47:59,832 Not Found: /media/The Philosophical Series (Set of 8 Books) (Hindi).jpg
WARNING:2021-09-21 08:47:59,834 Not Found: /media/Discover Yourself Series (Set of 3 Books) (English).jpg
WARNING:2021-09-21 08:47:59,864 Not Found: /media/Discover Yourself Series (Set of 3 Books) (Hindi).jpg
WARNING:2021-09-21 08:47:59,866 Not Found: /media/Question and Answer Series (Set of 4 Books) (English).jpg
WARNING:2021-09-21 08:48:00,192 Not Found: /media/The Philosophical Series (Set of 8 Books) (Hindi).jpg
WARNING:2021-09-21 08:48:00,206 Not Found: /media/Bhagavad Gita As It Is (Regular) (Bengali) (Full Box 24 Pcs).jpg
WARNING:2021-09-21 08:48:00,210 Not Found: /media/The Philosophical Series (Set of 8 Books) (English).jpg
WARNING:2021-09-21 08:48:00,213 Not Found: /media/Discover Yourself Series (Set of 3 Books) (English).jpg
WARNING:2021-09-21 08:48:00,245 Not Found: /media/Discover Yourself Series (Set of 3 Books) (Hindi).jpg
WARNING:2021-09-21 08:48:00,249 Not Found: /media/Question and Answer Series (Set of 4 Books) (English).jpg
WARNING:2021-09-21 08:48:00,251 Not Found: /media/Question and Answer Series (Set of 4 Books) (Hindi).jpg
WARNING:2021-09-21 08:48:00,286 Not Found: /media/Teachings Series (Set of 3 Books) (English).jpg
WARNING:2021-09-21 08:48:00,293 Not Found: /media/Teachings Series (Set of 3 Books) (Hindi).jpg
WARNING:2021-09-21 08:48:00,297 Not Found: /media/Devotional Series (Set of 3 Books) (English).jpg
WARNING:2021-09-21 08:48:00,311 Not Found: /media/Question and Answer Series (Set of 4 Books) (Hindi).jpg
WARNING:2021-09-21 08:48:00,343 Not Found: /media/Teachings Series (Set of 3 Books) (Hindi).jpg
WARNING:2021-09-21 08:48:00,345 Not Found: /media/Teachings Series (Set of 3 Books) (English).jpg
WARNING:2021-09-21 08:48:00,354 Not Found: /media/Devotional Series (Set of 3 Books) (English).jpg
WARNING:2021-09-21 08:48:44,537 Not Found: /media/Bhagavad Gita As It Is (Regular) (Bengali) (Full Box 24 Pcs).jpg
WARNING:2021-09-21 08:48:44,541 Not Found: /media/Discover Yourself Series (Set of 3 Books) (Hindi).jpg
WARNING:2021-09-21 08:48:44,545 Not Found: /media/Discover Yourself Series (Set of 3 Books) (English).jpg
WARNING:2021-09-21 08:48:44,548 Not Found: /media/The Philosophical Series (Set of 8 Books) (English).jpg
WARNING:2021-09-21 08:48:44,550 Not Found: /media/Question and Answer Series (Set of 4 Books) (English).jpg
WARNING:2021-09-21 08:48:44,555 Not Found: /media/The Philosophical Series (Set of 8 Books) (Hindi).jpg
WARNING:2021-09-21 08:48:44,885 Not Found: /media/Teachings Series (Set of 3 Books) (English).jpg
WARNING:2021-09-21 08:48:44,887 Not Found: /media/Question and Answer Series (Set of 4 Books) (Hindi).jpg
WARNING:2021-09-21 08:48:44,890 Not Found: /media/Teachings Series (Set of 3 Books) (Hindi).jpg
WARNING:2021-09-21 08:48:44,914 Not Found: /media/Devotional Series (Set of 3 Books) (English).jpg
WARNING:2021-09-21 08:48:45,268 Not Found: /media/Teachings Series (Set of 3 Books) (Hindi).jpg
WARNING:2021-09-21 08:48:45,270 Not Found: /media/Discover Yourself Series (Set of 3 Books) (English).jpg
WARNING:2021-09-21 08:48:45,285 Not Found: /media/Bhagavad Gita As It Is (Regular) (Bengali) (Full Box 24 Pcs).jpg
WARNING:2021-09-21 08:48:45,286 Not Found: /media/Teachings Series (Set of 3 Books) (English).jpg
WARNING:2021-09-21 08:48:45,289 Not Found: /media/Discover Yourself Series (Set of 3 Books) (Hindi).jpg
WARNING:2021-09-21 08:48:45,302 Not Found: /media/Devotional Series (Set of 3 Books) (English).jpg
WARNING:2021-09-21 08:48:45,315 Not Found: /media/The Philosophical Series (Set of 8 Books) (Hindi).jpg
WARNING:2021-09-21 08:48:45,317 Not Found: /media/Question and Answer Series (Set of 4 Books) (Hindi).jpg
WARNING:2021-09-21 08:48:45,319 Not Found: /media/The Philosophical Series (Set of 8 Books) (English).jpg
WARNING:2021-09-21 08:48:45,323 Not Found: /media/Question and Answer Series (Set of 4 Books) (English).jpg
WARNING:2021-09-21 08:50:32,932 Not Found: /book/categoriesbhagavatam
WARNING:2021-09-21 08:50:32,937 Not Found: /book/categoriesgita
WARNING:2021-09-21 08:50:32,947 Not Found: /book/categoriesset
WARNING:2021-09-21 08:50:33,531 Not Found: /media/Discover Yourself Series (Set of 3 Books) (Hindi).jpg
WARNING:2021-09-21 08:50:33,534 Not Found: /media/The Philosophical Series (Set of 8 Books) (Hindi).jpg
WARNING:2021-09-21 08:50:33,536 Not Found: /media/Bhagavad Gita As It Is (Regular) (Bengali) (Full Box 24 Pcs).jpg
WARNING:2021-09-21 08:50:33,537 Not Found: /media/The Philosophical Series (Set of 8 Books) (English).jpg
WARNING:2021-09-21 08:50:33,539 Not Found: /media/Question and Answer Series (Set of 4 Books) (English).jpg
WARNING:2021-09-21 08:50:33,540 Not Found: /media/Discover Yourself Series (Set of 3 Books) (English).jpg
WARNING:2021-09-21 08:50:33,872 Not Found: /media/Teachings Series (Set of 3 Books) (English).jpg
WARNING:2021-09-21 08:50:33,874 Not Found: /media/Question and Answer Series (Set of 4 Books) (Hindi).jpg
WARNING:2021-09-21 08:50:33,876 Not Found: /media/Teachings Series (Set of 3 Books) (Hindi).jpg
WARNING:2021-09-21 08:50:33,878 Not Found: /media/Devotional Series (Set of 3 Books) (English).jpg
WARNING:2021-09-21 08:50:34,801 Not Found: /media/Question and Answer Series (Set of 4 Books) (English).jpg
WARNING:2021-09-21 08:50:34,803 Not Found: /media/Devotional Series (Set of 3 Books) (English).jpg
WARNING:2021-09-21 08:50:34,805 Not Found: /media/Discover Yourself Series (Set of 3 Books) (Hindi).jpg
WARNING:2021-09-21 08:50:34,829 Not Found: /media/The Philosophical Series (Set of 8 Books) (Hindi).jpg
WARNING:2021-09-21 08:50:34,830 Not Found: /media/Discover Yourself Series (Set of 3 Books) (English).jpg
WARNING:2021-09-21 08:50:34,835 Not Found: /media/Bhagavad Gita As It Is (Regular) (Bengali) (Full Box 24 Pcs).jpg
WARNING:2021-09-21 08:50:34,841 Not Found: /media/Teachings Series (Set of 3 Books) (English).jpg
WARNING:2021-09-21 08:50:34,847 Not Found: /media/Teachings Series (Set of 3 Books) (Hindi).jpg
WARNING:2021-09-21 08:50:34,862 Not Found: /media/The Philosophical Series (Set of 8 Books) (English).jpg
WARNING:2021-09-21 08:50:34,875 Not Found: /media/Question and Answer Series (Set of 4 Books) (Hindi).jpg
WARNING:2021-09-21 08:50:58,708 Not Found: /book/categoriesset
WARNING:2021-09-21 08:50:58,715 Not Found: /book/categoriesgita
WARNING:2021-09-21 08:50:58,738 Not Found: /book/categoriesbhagavatam
WARNING:2021-09-21 08:51:36,832 Not Found: /media/Bhagavad Gita As It Is (Regular) (Bengali) (Full Box 24 Pcs).jpg
WARNING:2021-09-21 08:51:36,875 Not Found: /media/The Philosophical Series (Set of 8 Books) (Hindi).jpg
WARNING:2021-09-21 08:51:36,879 Not Found: /media/Discover Yourself Series (Set of 3 Books) (English).jpg
WARNING:2021-09-21 08:51:36,893 Not Found: /media/The Philosophical Series (Set of 8 Books) (English).jpg
WARNING:2021-09-21 08:51:36,894 Not Found: /media/Discover Yourself Series (Set of 3 Books) (Hindi).jpg
WARNING:2021-09-21 08:51:36,900 Not Found: /media/Question and Answer Series (Set of 4 Books) (English).jpg
WARNING:2021-09-21 08:51:37,191 Not Found: /media/Bhagavad Gita As It Is (Regular) (Bengali) (Full Box 24 Pcs).jpg
WARNING:2021-09-21 08:51:37,243 Not Found: /media/The Philosophical Series (Set of 8 Books) (English).jpg
WARNING:2021-09-21 08:51:37,251 Not Found: /media/The Philosophical Series (Set of 8 Books) (Hindi).jpg
WARNING:2021-09-21 08:51:37,268 Not Found: /media/Discover Yourself Series (Set of 3 Books) (English).jpg
WARNING:2021-09-21 08:51:37,305 Not Found: /media/Teachings Series (Set of 3 Books) (English).jpg
WARNING:2021-09-21 08:51:37,313 Not Found: /media/Question and Answer Series (Set of 4 Books) (English).jpg
WARNING:2021-09-21 08:51:37,321 Not Found: /media/Discover Yourself Series (Set of 3 Books) (Hindi).jpg
WARNING:2021-09-21 08:51:37,327 Not Found: /media/Question and Answer Series (Set of 4 Books) (Hindi).jpg
WARNING:2021-09-21 08:51:37,360 Not Found: /media/Teachings Series (Set of 3 Books) (Hindi).jpg
WARNING:2021-09-21 08:51:37,374 Not Found: /media/Devotional Series (Set of 3 Books) (English).jpg
WARNING:2021-09-21 08:51:37,415 Not Found: /media/Question and Answer Series (Set of 4 Books) (Hindi).jpg
WARNING:2021-09-21 08:51:37,420 Not Found: /media/Teachings Series (Set of 3 Books) (English).jpg
WARNING:2021-09-21 08:51:37,457 Not Found: /media/Teachings Series (Set of 3 Books) (Hindi).jpg
WARNING:2021-09-21 08:51:37,462 Not Found: /media/Devotional Series (Set of 3 Books) (English).jpg
DEBUG:2021-09-21 08:52:22,945 Using proactor: IocpProactor
INFO:2021-09-21 08:53:16,760 Watching for file changes with StatReloader
ERROR:2021-09-21 08:53:31,384 Internal Server Error: /book/update
Traceback (most recent call last):
  File "D:\fortuneshelf\server\env\lib\site-packages\django\core\handlers\exception.py", line 47, in inner
    response = get_response(request)
  File "D:\fortuneshelf\server\env\lib\site-packages\django\core\handlers\base.py", line 181, in _get_response
    response = wrapped_callback(request, *callback_args, **callback_kwargs)
  File "D:\fortuneshelf\server\env\lib\site-packages\django\views\decorators\csrf.py", line 54, in wrapped_view
    return view_func(*args, **kwargs)
  File "D:\fortuneshelf\server\env\lib\site-packages\django\views\generic\base.py", line 70, in view
    return self.dispatch(request, *args, **kwargs)
  File "D:\fortuneshelf\server\env\lib\site-packages\rest_framework\views.py", line 509, in dispatch
    response = self.handle_exception(exc)
  File "D:\fortuneshelf\server\env\lib\site-packages\rest_framework\views.py", line 469, in handle_exception
    self.raise_uncaught_exception(exc)
  File "D:\fortuneshelf\server\env\lib\site-packages\rest_framework\views.py", line 480, in raise_uncaught_exception
    raise exc
  File "D:\fortuneshelf\server\env\lib\site-packages\rest_framework\views.py", line 506, in dispatch
    response = handler(request, *args, **kwargs)
  File "D:\fortuneshelf\server\env\lib\site-packages\rest_framework\decorators.py", line 50, in handler
    return func(*args, **kwargs)
  File "D:\fortuneshelf\server\book\views.py", line 333, in update_books
    book.category = book.category.lower()
AttributeError: 'NoneType' object has no attribute 'lower'
INFO:2021-09-21 08:53:44,501 D:\fortuneshelf\server\book\views.py changed, reloading.
DEBUG:2021-09-21 08:53:44,503 Using proactor: IocpProactor
INFO:2021-09-21 08:53:46,984 Watching for file changes with StatReloader
ERROR:2021-09-21 08:54:04,006 Internal Server Error: /book/categories/gita
WARNING:2021-09-21 08:54:04,493 Not Found: /media/The Philosophical Series (Set of 8 Books) (Hindi).jpg
WARNING:2021-09-21 08:54:04,496 Not Found: /media/Discover Yourself Series (Set of 3 Books) (Hindi).jpg
WARNING:2021-09-21 08:54:04,501 Not Found: /media/The Philosophical Series (Set of 8 Books) (English).jpg
WARNING:2021-09-21 08:54:04,505 Not Found: /media/Bhagavad Gita As It Is (Regular) (Bengali) (Full Box 24 Pcs).jpg
WARNING:2021-09-21 08:54:04,514 Not Found: /media/books/Srimad Bhagavatam Full Set (18 Volumes 12 Cantos)  (English).jpg
WARNING:2021-09-21 08:54:04,517 Not Found: /media/Discover Yourself Series (Set of 3 Books) (English).jpg
WARNING:2021-09-21 08:54:04,842 Not Found: /media/The Philosophical Series (Set of 8 Books) (Hindi).jpg
WARNING:2021-09-21 08:54:04,851 Not Found: /media/The Philosophical Series (Set of 8 Books) (English).jpg
WARNING:2021-09-21 08:54:04,862 Not Found: /media/Bhagavad Gita As It Is (Regular) (Bengali) (Full Box 24 Pcs).jpg
WARNING:2021-09-21 08:54:04,876 Not Found: /media/Discover Yourself Series (Set of 3 Books) (Hindi).jpg
WARNING:2021-09-21 08:54:04,896 Not Found: /media/Discover Yourself Series (Set of 3 Books) (English).jpg
WARNING:2021-09-21 08:54:04,912 Not Found: /media/Question and Answer Series (Set of 4 Books) (English).jpg
WARNING:2021-09-21 08:54:04,919 Not Found: /media/books/Srimad Bhagavatam Full Set (18 Volumes 12 Cantos)  (English).jpg
WARNING:2021-09-21 08:54:04,922 Not Found: /media/Question and Answer Series (Set of 4 Books) (Hindi).jpg
WARNING:2021-09-21 08:54:04,930 Not Found: /media/Teachings Series (Set of 3 Books) (English).jpg
WARNING:2021-09-21 08:54:04,938 Not Found: /media/Teachings Series (Set of 3 Books) (Hindi).jpg
WARNING:2021-09-21 08:54:04,969 Not Found: /media/Question and Answer Series (Set of 4 Books) (English).jpg
WARNING:2021-09-21 08:54:04,984 Not Found: /media/Teachings Series (Set of 3 Books) (Hindi).jpg
WARNING:2021-09-21 08:54:05,009 Not Found: /media/Teachings Series (Set of 3 Books) (English).jpg
WARNING:2021-09-21 08:54:05,012 Not Found: /media/Question and Answer Series (Set of 4 Books) (Hindi).jpg
ERROR:2021-09-21 08:54:23,526 Internal Server Error: /book/categories/gita
WARNING:2021-09-21 08:54:24,058 Not Found: /media/books/Srimad Bhagavatam Full Set (18 Volumes 12 Cantos)  (English).jpg
WARNING:2021-09-21 08:54:24,118 Not Found: /media/The Philosophical Series (Set of 8 Books) (English).jpg
WARNING:2021-09-21 08:54:24,155 Not Found: /media/Discover Yourself Series (Set of 3 Books) (English).jpg
WARNING:2021-09-21 08:54:24,162 Not Found: /media/Bhagavad Gita As It Is (Regular) (Bengali) (Full Box 24 Pcs).jpg
WARNING:2021-09-21 08:54:24,171 Not Found: /media/The Philosophical Series (Set of 8 Books) (Hindi).jpg
WARNING:2021-09-21 08:54:24,196 Not Found: /media/Discover Yourself Series (Set of 3 Books) (Hindi).jpg
WARNING:2021-09-21 08:54:24,407 Not Found: /media/books/Srimad Bhagavatam Full Set (18 Volumes 12 Cantos)  (English).jpg
WARNING:2021-09-21 08:54:24,444 Not Found: /media/The Philosophical Series (Set of 8 Books) (English).jpg
WARNING:2021-09-21 08:54:24,544 Not Found: /media/The Philosophical Series (Set of 8 Books) (Hindi).jpg
WARNING:2021-09-21 08:54:24,553 Not Found: /media/Discover Yourself Series (Set of 3 Books) (English).jpg
WARNING:2021-09-21 08:54:24,567 Not Found: /media/Bhagavad Gita As It Is (Regular) (Bengali) (Full Box 24 Pcs).jpg
WARNING:2021-09-21 08:54:24,572 Not Found: /media/Discover Yourself Series (Set of 3 Books) (Hindi).jpg
WARNING:2021-09-21 08:54:24,579 Not Found: /media/Question and Answer Series (Set of 4 Books) (English).jpg
WARNING:2021-09-21 08:54:24,591 Not Found: /media/Question and Answer Series (Set of 4 Books) (Hindi).jpg
WARNING:2021-09-21 08:54:24,623 Not Found: /media/Teachings Series (Set of 3 Books) (English).jpg
WARNING:2021-09-21 08:54:24,630 Not Found: /media/Teachings Series (Set of 3 Books) (Hindi).jpg
WARNING:2021-09-21 08:54:24,721 Not Found: /media/Question and Answer Series (Set of 4 Books) (English).jpg
WARNING:2021-09-21 08:54:24,728 Not Found: /media/Question and Answer Series (Set of 4 Books) (Hindi).jpg
WARNING:2021-09-21 08:54:25,078 Not Found: /media/Teachings Series (Set of 3 Books) (Hindi).jpg
WARNING:2021-09-21 08:54:25,081 Not Found: /media/Teachings Series (Set of 3 Books) (English).jpg
INFO:2021-09-21 08:55:21,628 D:\fortuneshelf\server\book\views.py changed, reloading.
DEBUG:2021-09-21 08:55:21,632 Using proactor: IocpProactor
INFO:2021-09-21 08:55:23,232 Watching for file changes with StatReloader
ERROR:2021-09-21 08:56:13,873 Internal Server Error: /book/categories/gita
WARNING:2021-09-21 08:56:14,297 Not Found: /media/Bhagavad Gita As It Is (Regular) (Bengali) (Full Box 24 Pcs).jpg
WARNING:2021-09-21 08:56:14,298 Not Found: /media/Discover Yourself Series (Set of 3 Books) (Hindi).jpg
WARNING:2021-09-21 08:56:14,302 Not Found: /media/books/Srimad Bhagavatam Full Set (18 Volumes 12 Cantos)  (English).jpg
WARNING:2021-09-21 08:56:14,305 Not Found: /media/The Philosophical Series (Set of 8 Books) (Hindi).jpg
WARNING:2021-09-21 08:56:14,311 Not Found: /media/The Philosophical Series (Set of 8 Books) (English).jpg
WARNING:2021-09-21 08:56:14,317 Not Found: /media/Discover Yourself Series (Set of 3 Books) (English).jpg
WARNING:2021-09-21 08:56:14,639 Not Found: /media/Bhagavad Gita As It Is (Regular) (Bengali) (Full Box 24 Pcs).jpg
WARNING:2021-09-21 08:56:14,643 Not Found: /media/Discover Yourself Series (Set of 3 Books) (Hindi).jpg
WARNING:2021-09-21 08:56:14,694 Not Found: /media/The Philosophical Series (Set of 8 Books) (Hindi).jpg
WARNING:2021-09-21 08:56:14,712 Not Found: /media/books/Srimad Bhagavatam Full Set (18 Volumes 12 Cantos)  (English).jpg
WARNING:2021-09-21 08:56:14,717 Not Found: /media/Question and Answer Series (Set of 4 Books) (English).jpg
WARNING:2021-09-21 08:56:14,721 Not Found: /media/Discover Yourself Series (Set of 3 Books) (English).jpg
WARNING:2021-09-21 08:56:14,726 Not Found: /media/The Philosophical Series (Set of 8 Books) (English).jpg
WARNING:2021-09-21 08:56:14,732 Not Found: /media/Question and Answer Series (Set of 4 Books) (Hindi).jpg
WARNING:2021-09-21 08:56:14,770 Not Found: /media/Teachings Series (Set of 3 Books) (English).jpg
WARNING:2021-09-21 08:56:14,799 Not Found: /media/Teachings Series (Set of 3 Books) (Hindi).jpg
WARNING:2021-09-21 08:56:14,827 Not Found: /media/Question and Answer Series (Set of 4 Books) (English).jpg
WARNING:2021-09-21 08:56:14,839 Not Found: /media/Teachings Series (Set of 3 Books) (English).jpg
WARNING:2021-09-21 08:56:14,868 Not Found: /media/Teachings Series (Set of 3 Books) (Hindi).jpg
WARNING:2021-09-21 08:56:14,878 Not Found: /media/Question and Answer Series (Set of 4 Books) (Hindi).jpg
INFO:2021-09-21 08:56:45,006 D:\fortuneshelf\server\book\views.py changed, reloading.
DEBUG:2021-09-21 08:56:45,007 Using proactor: IocpProactor
INFO:2021-09-21 08:56:46,961 Watching for file changes with StatReloader
WARNING:2021-09-21 08:56:53,882 Not Found: /media/Bhagavad Gita As It Is (Regular) (Bengali) (Full Box 24 Pcs).jpg
WARNING:2021-09-21 08:56:53,888 Not Found: /media/The Philosophical Series (Set of 8 Books) (Hindi).jpg
WARNING:2021-09-21 08:56:53,894 Not Found: /media/Discover Yourself Series (Set of 3 Books) (Hindi).jpg
WARNING:2021-09-21 08:56:53,900 Not Found: /media/books/Srimad Bhagavatam Full Set (18 Volumes 12 Cantos)  (English).jpg
WARNING:2021-09-21 08:56:53,908 Not Found: /media/Discover Yourself Series (Set of 3 Books) (English).jpg
WARNING:2021-09-21 08:56:53,911 Not Found: /media/The Philosophical Series (Set of 8 Books) (English).jpg
WARNING:2021-09-21 08:56:54,235 Not Found: /media/Discover Yourself Series (Set of 3 Books) (English).jpg
WARNING:2021-09-21 08:56:54,268 Not Found: /media/books/Srimad Bhagavatam Full Set (18 Volumes 12 Cantos)  (English).jpg
WARNING:2021-09-21 08:56:54,275 Not Found: /media/The Philosophical Series (Set of 8 Books) (Hindi).jpg
WARNING:2021-09-21 08:56:54,301 Not Found: /media/The Philosophical Series (Set of 8 Books) (English).jpg
WARNING:2021-09-21 08:56:54,311 Not Found: /media/Discover Yourself Series (Set of 3 Books) (Hindi).jpg
WARNING:2021-09-21 08:56:54,316 Not Found: /media/Bhagavad Gita As It Is (Regular) (Bengali) (Full Box 24 Pcs).jpg
WARNING:2021-09-21 08:56:54,335 Not Found: /media/Question and Answer Series (Set of 4 Books) (English).jpg
WARNING:2021-09-21 08:56:54,342 Not Found: /media/Question and Answer Series (Set of 4 Books) (Hindi).jpg
WARNING:2021-09-21 08:56:54,378 Not Found: /media/Teachings Series (Set of 3 Books) (English).jpg
WARNING:2021-09-21 08:56:54,422 Not Found: /media/books/Bhagavad Gita As It Is (Regular) Urdu.jpeg
WARNING:2021-09-21 08:56:54,442 Not Found: /media/books/Bhagavad Gita As It Is (Regular) (Telugu).jpg
WARNING:2021-09-21 08:56:54,451 Not Found: /media/Teachings Series (Set of 3 Books) (Hindi).jpg
WARNING:2021-09-21 08:56:54,660 Not Found: /media/Question and Answer Series (Set of 4 Books) (English).jpg
WARNING:2021-09-21 08:56:54,685 Not Found: /media/Question and Answer Series (Set of 4 Books) (Hindi).jpg
WARNING:2021-09-21 08:56:54,690 Not Found: /media/Teachings Series (Set of 3 Books) (English).jpg
WARNING:2021-09-21 08:56:54,737 Not Found: /media/books/Bhagavad Gita As It Is (Regular) (Telugu).jpg
WARNING:2021-09-21 08:56:54,747 Not Found: /media/Teachings Series (Set of 3 Books) (Hindi).jpg
WARNING:2021-09-21 08:56:54,750 Not Found: /media/books/Bhagavad Gita As It Is (Regular) Urdu.jpeg
WARNING:2021-09-21 08:56:54,770 Not Found: /media/Devotional Series (Set of 3 Books) (English).jpg
WARNING:2021-09-21 08:56:54,820 Not Found: /media/books/Bhagavad Gita As It Is (Regular) (Bengali).png
WARNING:2021-09-21 08:56:54,828 Not Found: /media/books/Bhagavad Gita As It Is (Regular) (Tamil).jpg
WARNING:2021-09-21 08:56:54,845 Not Found: /media/books/Bhagavad Gita As It Is (Deluxe) (Hindi).jpg
WARNING:2021-09-21 08:56:54,860 Not Found: /media/books/Bhagavad Gita As It Is (Gujarati).jpg
WARNING:2021-09-21 08:56:54,870 Not Found: /media/books/Bhagavad Gita As It Is (Regular) Punjabi.jpg
WARNING:2021-09-21 08:56:55,136 Not Found: /media/Devotional Series (Set of 3 Books) (English).jpg
WARNING:2021-09-21 08:56:55,148 Not Found: /media/books/Bhagavad Gita As It Is (Regular) (Bengali).png
WARNING:2021-09-21 08:56:55,160 Not Found: /media/books/Bhagavad Gita As It Is (Regular) (Tamil).jpg
WARNING:2021-09-21 08:56:55,183 Not Found: /media/books/Bhagavad Gita As It Is (Deluxe) (Hindi).jpg
WARNING:2021-09-21 08:56:55,198 Not Found: /media/books/Bhagavad Gita As It Is (Regular) Punjabi.jpg
WARNING:2021-09-21 08:56:55,214 Not Found: /media/books/Bhagavad Gita As It Is (Regular) (Oriya).jpg
WARNING:2021-09-21 08:56:55,219 Not Found: /media/books/Bhagavad Gita As It Is (Gujarati).jpg
WARNING:2021-09-21 08:56:55,249 Not Found: /media/books/Bhagavad Gita As It Is (Nepali).jpeg
WARNING:2021-09-21 08:56:55,282 Not Found: /media/books/Bhagavad Gita As It Is (Regular) (Oriya).jpg
WARNING:2021-09-21 08:56:55,297 Not Found: /media/books/Bhagavad Gita As It Is (Nepali).jpeg
INFO:2021-09-21 08:57:44,974 D:\fortuneshelf\server\book\views.py changed, reloading.
DEBUG:2021-09-21 08:57:44,977 Using proactor: IocpProactor
INFO:2021-09-21 08:57:46,432 Watching for file changes with StatReloader
WARNING:2021-09-21 08:58:07,604 Not Found: /media/The Philosophical Series (Set of 8 Books) (English).jpg
WARNING:2021-09-21 08:58:07,607 Not Found: /media/Discover Yourself Series (Set of 3 Books) (Hindi).jpg
WARNING:2021-09-21 08:58:07,611 Not Found: /media/Bhagavad Gita As It Is (Regular) (Bengali) (Full Box 24 Pcs).jpg
WARNING:2021-09-21 08:58:07,615 Not Found: /media/books/Srimad Bhagavatam Full Set (18 Volumes 12 Cantos)  (English).jpg
WARNING:2021-09-21 08:58:07,617 Not Found: /media/The Philosophical Series (Set of 8 Books) (Hindi).jpg
WARNING:2021-09-21 08:58:07,621 Not Found: /media/Discover Yourself Series (Set of 3 Books) (English).jpg
WARNING:2021-09-21 08:58:07,951 Not Found: /media/Discover Yourself Series (Set of 3 Books) (Hindi).jpg
WARNING:2021-09-21 08:58:07,954 Not Found: /media/The Philosophical Series (Set of 8 Books) (English).jpg
WARNING:2021-09-21 08:58:07,956 Not Found: /media/Bhagavad Gita As It Is (Regular) (Bengali) (Full Box 24 Pcs).jpg
WARNING:2021-09-21 08:58:07,983 Not Found: /media/Discover Yourself Series (Set of 3 Books) (English).jpg
WARNING:2021-09-21 08:58:07,989 Not Found: /media/The Philosophical Series (Set of 8 Books) (Hindi).jpg
WARNING:2021-09-21 08:58:07,998 Not Found: /media/books/Srimad Bhagavatam Full Set (18 Volumes 12 Cantos)  (English).jpg
WARNING:2021-09-21 08:58:08,005 Not Found: /media/Question and Answer Series (Set of 4 Books) (English).jpg
WARNING:2021-09-21 08:58:08,023 Not Found: /media/Question and Answer Series (Set of 4 Books) (Hindi).jpg
WARNING:2021-09-21 08:58:08,040 Not Found: /media/Teachings Series (Set of 3 Books) (English).jpg
WARNING:2021-09-21 08:58:08,051 Not Found: /media/Teachings Series (Set of 3 Books) (Hindi).jpg
WARNING:2021-09-21 08:58:08,057 Not Found: /media/books/Bhagavad Gita As It Is (Regular) Urdu.jpeg
WARNING:2021-09-21 08:58:08,080 Not Found: /media/books/Bhagavad Gita As It Is (Regular) (Telugu).jpg
WARNING:2021-09-21 08:58:08,331 Not Found: /media/Question and Answer Series (Set of 4 Books) (English).jpg
WARNING:2021-09-21 08:58:08,338 Not Found: /media/Question and Answer Series (Set of 4 Books) (Hindi).jpg
WARNING:2021-09-21 08:58:08,354 Not Found: /media/Teachings Series (Set of 3 Books) (English).jpg
WARNING:2021-09-21 08:58:08,355 Not Found: /media/books/Bhagavad Gita As It Is (Regular) Urdu.jpeg
WARNING:2021-09-21 08:58:08,370 Not Found: /media/books/Bhagavad Gita As It Is (Regular) (Telugu).jpg
WARNING:2021-09-21 08:58:08,373 Not Found: /media/Teachings Series (Set of 3 Books) (Hindi).jpg
WARNING:2021-09-21 08:58:08,386 Not Found: /media/Devotional Series (Set of 3 Books) (English).jpg
WARNING:2021-09-21 08:58:08,388 Not Found: /media/books/Bhagavad Gita As It Is (Regular) Punjabi.jpg
WARNING:2021-09-21 08:58:08,391 Not Found: /media/books/Bhagavad Gita As It Is (Regular) (Bengali).png
WARNING:2021-09-21 08:58:08,407 Not Found: /media/books/Bhagavad Gita As It Is (Deluxe) (Hindi).jpg
WARNING:2021-09-21 08:58:08,416 Not Found: /media/books/Bhagavad Gita As It Is (Regular) (Tamil).jpg
WARNING:2021-09-21 08:58:08,422 Not Found: /media/books/Bhagavad Gita As It Is (Gujarati).jpg
WARNING:2021-09-21 08:58:08,720 Not Found: /media/Devotional Series (Set of 3 Books) (English).jpg
WARNING:2021-09-21 08:58:08,721 Not Found: /media/books/Bhagavad Gita As It Is (Regular) (Bengali).png
WARNING:2021-09-21 08:58:08,737 Not Found: /media/books/Bhagavad Gita As It Is (Regular) Punjabi.jpg
WARNING:2021-09-21 08:58:08,739 Not Found: /media/books/Bhagavad Gita As It Is (Regular) (Tamil).jpg
WARNING:2021-09-21 08:58:08,740 Not Found: /media/books/Bhagavad Gita As It Is (Deluxe) (Hindi).jpg
WARNING:2021-09-21 08:58:08,763 Not Found: /media/books/Bhagavad Gita As It Is (Nepali).jpeg
WARNING:2021-09-21 08:58:08,765 Not Found: /media/books/Bhagavad Gita As It Is (Gujarati).jpg
WARNING:2021-09-21 08:58:08,768 Not Found: /media/books/Bhagavad Gita As It Is (Regular) (Oriya).jpg
WARNING:2021-09-21 08:58:08,787 Not Found: /media/books/Bhagavad Gita As It Is (Nepali).jpeg
WARNING:2021-09-21 08:58:08,789 Not Found: /media/books/Bhagavad Gita As It Is (Regular) (Oriya).jpg
INFO:2021-09-21 08:58:59,983 D:\fortuneshelf\server\fortuneshelf\settings.py changed, reloading.
DEBUG:2021-09-21 08:58:59,984 Using proactor: IocpProactor
INFO:2021-09-21 08:59:01,393 Watching for file changes with StatReloader
INFO:2021-09-21 08:59:54,181 D:\fortuneshelf\server\fortuneshelf\settings.py changed, reloading.
DEBUG:2021-09-21 08:59:54,182 Using proactor: IocpProactor
